C51 COMPILER V9.52.0.0   MAIN                                                              06/18/2023 11:55:35 PAGE 1   


C51 COMPILER V9.52.0.0, COMPILATION OF MODULE MAIN
OBJECT MODULE PLACED IN main.OBJ
COMPILER INVOKED BY: C:\Keil\C51\BIN\C51.EXE main.c BROWSE DEBUG OBJECTEXTEND TABS(2)

line level    source

   1          #include<regx52.h>
   2          void Delay_ms(unsigned int t) {
   3   1          unsigned int x,y;
   4   1          for(x = 0;x < t;x++) {
   5   2              for(y = 0;y<123;y++) ;
   6   2          }
   7   1      }
   8          void main() {
   9   1        P0 = 0x52;
  10   1        Delay_ms(500);
  11   1        P0 |= (1<<5);
  12   1        while(1) {
  13   2          
  14   2        }
  15   1      }


MODULE INFORMATION:   STATIC OVERLAYABLE
   CODE SIZE        =     47    ----
   CONSTANT SIZE    =   ----    ----
   XDATA SIZE       =   ----    ----
   PDATA SIZE       =   ----    ----
   DATA SIZE        =   ----    ----
   IDATA SIZE       =   ----    ----
   BIT SIZE         =   ----    ----
END OF MODULE INFORMATION.


C51 COMPILATION COMPLETE.  0 WARNING(S),  0 ERROR(S)
