C51 COMPILER V9.52.0.0   MAIN                                                              06/22/2023 00:40:21 PAGE 1   


C51 COMPILER V9.52.0.0, COMPILATION OF MODULE MAIN
OBJECT MODULE PLACED IN main.OBJ
COMPILER INVOKED BY: C:\Keil\C51\BIN\C51.EXE main.c BROWSE DEBUG OBJECTEXTEND TABS(2)

line level    source

   1          #include"main.h"
   2          #include<..\Lib\Delay.h>
   3          void main() {
   4   1        //0 || P2 = 0xC0;
   5   1        //1 || P2 = 0xF9;
   6   1        //2 || P2 = 0xA4;
   7   1        //3 || P2 = 0xB0;
   8   1        //4 || P2 = 0x99;
   9   1        //5 || P2 = 0x92;
  10   1        //6 || P2 = 0x82;
  11   1        //7 || P2 = 0xF8;
  12   1        //8 || P2 = 0x80;
  13   1        //9 || P2 = 0x90;
  14   1        
  15   1        
  16   1        
  17   1        while(1) {
  18   2          unsigned int i;
  19   2          for(i = 0;i<9;i++)  {
  20   3            P2 = 0xC0;
  21   3            Delay_ms(200);
  22   3            P2 = 0xF9;Delay_ms(200);
  23   3            P2 = 0xA4;Delay_ms(200);
  24   3            P2 = 0xB0;Delay_ms(200);
  25   3            P2 = 0x99;Delay_ms(200);
  26   3            P2 = 0x92;Delay_ms(200);
  27   3            P2 = 0x82;Delay_ms(200);
  28   3            P2 = 0xF8;Delay_ms(200);
  29   3            P2 = 0x80;Delay_ms(200);
  30   3            P2 = 0x90;Delay_ms(200);
  31   3      }
  32   2      }
  33   1      }


MODULE INFORMATION:   STATIC OVERLAYABLE
   CODE SIZE        =    124    ----
   CONSTANT SIZE    =   ----    ----
   XDATA SIZE       =   ----    ----
   PDATA SIZE       =   ----    ----
   DATA SIZE        =   ----       2
   IDATA SIZE       =   ----    ----
   BIT SIZE         =   ----    ----
END OF MODULE INFORMATION.


C51 COMPILATION COMPLETE.  0 WARNING(S),  0 ERROR(S)
