C51 COMPILER V9.52.0.0   MAIN                                                              07/13/2023 22:58:45 PAGE 1   


C51 COMPILER V9.52.0.0, COMPILATION OF MODULE MAIN
OBJECT MODULE PLACED IN main.OBJ
COMPILER INVOKED BY: C:\Keil\C51\BIN\C51.EXE main.c OMF2 BROWSE DEBUG TABS(2)

line level    source

   1          #include<main.h>
   2          #include<..\Lib\UartMode1.h>
*** WARNING C318 IN LINE 2 OF main.c: can't open file '..\Lib\UartMode1.h'
   3          #include<..\Lib\Delay.h>
*** WARNING C318 IN LINE 3 OF main.c: can't open file '..\Lib\Delay.h'
   4          
   5          void main()
   6          {
   7   1        Uart_Init();
*** WARNING C206 IN LINE 7 OF main.c: 'Uart_Init': missing function-prototype
   8   1      
   9   1        while(1)
  10   1        {
  11   2          if(P1_0==0) //tat LED
  12   2          {
  13   3            Delay_ms(20);
*** WARNING C206 IN LINE 13 OF main.c: 'Delay_ms': missing function-prototype
*** ERROR C267 IN LINE 13 OF main.c: 'Delay_ms': requires ANSI-style prototype
  14   3            Uart_Write(0x01); // Gia su gui di thì ta bat LED
  15   3            while(P1_0==0);
  16   3          }
  17   2      
  18   2          if(P1_1==0)
  19   2          {
  20   3            Delay_ms(20);
  21   3            Uart_Write(0x00); // Gia su gui di thì ta tat LED
  22   3            while(P1_1==0);
  23   3          }
  24   2        }
  25   1      }

C51 COMPILATION COMPLETE.  4 WARNING(S),  1 ERROR(S)
