C51 COMPILER V9.52.0.0   MAIN                                                              06/18/2023 00:43:36 PAGE 1   


C51 COMPILER V9.52.0.0, COMPILATION OF MODULE MAIN
OBJECT MODULE PLACED IN main.OBJ
COMPILER INVOKED BY: C:\Keil\C51\BIN\C51.EXE main.c BROWSE DEBUG OBJECTEXTEND TABS(2)

line level    source

   1          #include<regx52.h>
   2          
   3          void Delay_ms(unsigned int t) {
   4   1          unsigned int x,y;
   5   1          for(x = 0;x < t;x++) {
   6   2              for(y = 0;y<123;y++) ;
   7   2          }
   8   1      }
   9          void main() {
  10   1        while(1) {
  11   2          P0 = 0x80;
  12   2          Delay_ms(500);
  13   2          while(P0 != 0x00) {
  14   3            
  15   3            P0 = P0 >> 1;
  16   3              Delay_ms(500);
  17   3          }
  18   2          //----------------------------
  19   2          P2 = 0x01;
  20   2          Delay_ms(500);
  21   2          while(P2 != 0x00) {
  22   3            
  23   3            P2 = P2 << 1;
  24   3              Delay_ms(500);
  25   3          }
  26   2          
  27   2        }
  28   1          
  29   1        
  30   1        
  31   1      }


MODULE INFORMATION:   STATIC OVERLAYABLE
   CODE SIZE        =     77    ----
   CONSTANT SIZE    =   ----    ----
   XDATA SIZE       =   ----    ----
   PDATA SIZE       =   ----    ----
   DATA SIZE        =   ----    ----
   IDATA SIZE       =   ----    ----
   BIT SIZE         =   ----    ----
END OF MODULE INFORMATION.


C51 COMPILATION COMPLETE.  0 WARNING(S),  0 ERROR(S)
