C51 COMPILER V9.52.0.0   MAIN                                                              07/04/2023 20:46:38 PAGE 1   


C51 COMPILER V9.52.0.0, COMPILATION OF MODULE MAIN
OBJECT MODULE PLACED IN main.OBJ
COMPILER INVOKED BY: C:\Keil\C51\BIN\C51.EXE main.c BROWSE DEBUG OBJECTEXTEND TABS(2)

line level    source

   1          #include<main.h>
   2          #include<..\Lib\Delay.h>
   3          void Mode(unsigned char b) {
   4   1        SBUF = b;
   5   1        while(TI == 0);
   6   1        TI = 0;//Co bao ngat truyen
   7   1        // Cho cho co TI bat len 1
   8   1        P3_2 = 0;
   9   1        P3_2 = 1;
  10   1      }
  11          void main() {
  12   1        unsigned int i;
  13   1        unsigned a = 0x00;
  14   1        SM0 = SM1 = 0; //UART mode 0
  15   1        for(i = 0;i<8;i++) {
  16   2          Mode(a);
  17   2          Delay_ms(1000);
  18   2          a << 1;
*** WARNING C275 IN LINE 18 OF main.c: expression with possibly no effect
  19   2          
  20   2          
  21   2        }
  22   1        
  23   1        while(1) {
  24   2          
  25   2        }
  26   1      }


MODULE INFORMATION:   STATIC OVERLAYABLE
   CODE SIZE        =     56    ----
   CONSTANT SIZE    =   ----    ----
   XDATA SIZE       =   ----    ----
   PDATA SIZE       =   ----    ----
   DATA SIZE        =   ----       4
   IDATA SIZE       =   ----    ----
   BIT SIZE         =   ----    ----
END OF MODULE INFORMATION.


C51 COMPILATION COMPLETE.  1 WARNING(S),  0 ERROR(S)
