C51 COMPILER V9.52.0.0   MAIN                                                              06/20/2023 01:00:10 PAGE 1   


C51 COMPILER V9.52.0.0, COMPILATION OF MODULE MAIN
OBJECT MODULE PLACED IN main.OBJ
COMPILER INVOKED BY: C:\Keil\C51\BIN\C51.EXE main.c BROWSE DEBUG OBJECTEXTEND TABS(2)

line level    source

   1          #include"main.h"
   2          #include<..\Lib\Delay.h>
   3          void SangDan()
   4           {
   5   1         unsigned char i;
   6   1          // Sang dan
   7   1          P0 = 0x00;
   8   1          for(i = 0;i<8;i++) {
   9   2            P0 = (P0<<1) | 0x01;
  10   2            Delay_ms(200);
  11   2          }
  12   1          // Tat dan
  13   1          for(i = 0;i<8;i++) {
  14   2            P0 = (P0>>1);
  15   2            Delay_ms(200);
  16   2          }
  17   1        }
  18          //---------------------
  19          void XenKe() {
  20   1        unsigned char i;
  21   1        
  22   1        for(i = 0;i<100;i++){
  23   2          P0 = 0xAA;
  24   2          Delay_ms(200);
  25   2          P0 = 0x55;
  26   2          Delay_ms(200);
  27   2        }
  28   1      }
  29          
  30          
  31          
  32            void main() {
  33   1        
  34   1        while(1) {
  35   2          SangDan();
  36   2          XenKe();
  37   2        }
  38   1      }


MODULE INFORMATION:   STATIC OVERLAYABLE
   CODE SIZE        =     96    ----
   CONSTANT SIZE    =   ----    ----
   XDATA SIZE       =   ----    ----
   PDATA SIZE       =   ----    ----
   DATA SIZE        =   ----       2
   IDATA SIZE       =   ----    ----
   BIT SIZE         =   ----    ----
END OF MODULE INFORMATION.


C51 COMPILATION COMPLETE.  0 WARNING(S),  0 ERROR(S)
