C51 COMPILER V9.52.0.0   MAIN                                                              06/22/2023 02:01:37 PAGE 1   


C51 COMPILER V9.52.0.0, COMPILATION OF MODULE MAIN
OBJECT MODULE PLACED IN main.OBJ
COMPILER INVOKED BY: C:\Keil\C51\BIN\C51.EXE main.c BROWSE DEBUG OBJECTEXTEND TABS(2)

line level    source

   1          #include"main.h"
   2          #include<..\Lib\Delay.h>
   3          unsigned char code Code7Seg[] = {0xC0, 0xF9, 0xA4, 0xB0, 0x99, 0x92, 0x82, 0xF8, 0x80, 0x90};
   4          sbit R = P0^0;
   5          sbit Y = P0^1;
   6          sbit G = P0^2;
   7          #define LED1 P2
   8          #define LED2 P3
   9          void main() {
  10   1        signed char i;
  11   1        while(1) {
  12   2          R= 0;Y=1;G=1;
  13   2          for(i = 20;i>=0;i--) {
  14   3            LED1 = Code7Seg[i/10];
  15   3            LED2 = Code7Seg[i%10];
  16   3            Delay_ms(1000);
  17   3          }
  18   2          R= 1;Y=0;G=1;
  19   2          for(i = 3;i>=0;i--) {
  20   3            LED1 = Code7Seg[i/10];
  21   3            LED2 = Code7Seg[i%10];
  22   3            Delay_ms(1000);
  23   3          }
  24   2          R= 1;Y=1;G=0;
  25   2          for(i = 15;i>=0;i--) {
  26   3            LED1 = Code7Seg[i/10];
  27   3            LED2 = Code7Seg[i%10];
  28   3            Delay_ms(1000);
  29   3          }
  30   2        }
  31   1      }


MODULE INFORMATION:   STATIC OVERLAYABLE
   CODE SIZE        =    254    ----
   CONSTANT SIZE    =     10    ----
   XDATA SIZE       =   ----    ----
   PDATA SIZE       =   ----    ----
   DATA SIZE        =   ----       1
   IDATA SIZE       =   ----    ----
   BIT SIZE         =   ----    ----
END OF MODULE INFORMATION.


C51 COMPILATION COMPLETE.  0 WARNING(S),  0 ERROR(S)
