C51 COMPILER V9.52.0.0   DELAY                                                             07/19/2023 23:48:16 PAGE 1   


C51 COMPILER V9.52.0.0, COMPILATION OF MODULE DELAY
OBJECT MODULE PLACED IN .\Delay.obj
COMPILER INVOKED BY: C:\Keil\C51\BIN\C51.EXE ..\Lib\Delay.c BROWSE DEBUG OBJECTEXTEND PRINT(.\Delay.lst) TABS(2) OBJECT(
                    -.\Delay.obj)

line level    source

   1          
   2          #include "Delay.h"
   3          #include "main.h"
   4          #if (FREQ_OSC == 12000000ul)
   5              void Delay_ms(unsigned int t) {
   6   1              unsigned int x,y;
   7   1              for(x = 0;x<t;x++) {
   8   2                  for(y = 0;y<123;y++);
   9   2          }
  10   1      }
  11          #elif (FREQ_OSC == 11059200ul)
              void Delay_ms(unsigned int t) {
                      unsigned int x,y;
                      for(x = 0;x<t;x++) {
                          for(y = 0;y<113;y++);
                  }
              }
              #elif (FREQ_OSC == 8000000)
              void Delay_ms(unsigned int t) {
                      unsigned int x;
                unsigned char y;
                      for(x = 0;x<t;x++) {
                          for(y = 0;y<218;y++);
                  }
              }
              #elif (FREQ_OSC == 4000000)
              void Delay_ms(unsigned int t) {
                      unsigned int x;
                unsigned char y;
                      for(x = 0;x<t;x++) {
                          for(y = 0;y<106;y++);
                  }
              }
              #else 
                  #error "Khong co ham Delay_ms tuong ung"
              #endif


MODULE INFORMATION:   STATIC OVERLAYABLE
   CODE SIZE        =     32    ----
   CONSTANT SIZE    =   ----    ----
   XDATA SIZE       =   ----    ----
   PDATA SIZE       =   ----    ----
   DATA SIZE        =   ----    ----
   IDATA SIZE       =   ----    ----
   BIT SIZE         =   ----    ----
END OF MODULE INFORMATION.


C51 COMPILATION COMPLETE.  0 WARNING(S),  0 ERROR(S)
