C51 COMPILER V9.52.0.0   MAIN                                                              07/19/2023 23:52:32 PAGE 1   


C51 COMPILER V9.52.0.0, COMPILATION OF MODULE MAIN
OBJECT MODULE PLACED IN main.OBJ
COMPILER INVOKED BY: C:\Keil\C51\BIN\C51.EXE main.c BROWSE DEBUG OBJECTEXTEND TABS(2)

line level    source

   1          #include"main.h"
   2          #include<..\Lib\Delay.h>
   3          void Delay_ms_Timer0(unsigned int t)
   4          {
   5   1          //64536 = FC18: Dem den 1000ms
   6   1        do{
   7   2          TL0 = 0x18;
   8   2          TH0 = 0xFC;
   9   2          TR0 = 1;  // Timer0 bat dau dem
  10   2          while(!TF0);
  11   2          TR0 = 0;  // Timer0 ngung dem
  12   2          TF0 = 0;
  13   2          t--;
  14   2        }while(t!=0);
  15   1      }
  16          
  17          void main()
  18          {
  19   1        // Chon mode cho T0
  20   1        TMOD &= 0xF0; // Xoa cac bit dieu khien thanh ghi TMOD cua T0
  21   1        TMOD |= 0x01; // Cho mode 1 cho timer0
  22   1      
  23   1        while(1)
  24   1        {
  25   2          P2_0 = !P2_0;
  26   2          Delay_ms_Timer0(1000);
  27   2        }
  28   1      }


MODULE INFORMATION:   STATIC OVERLAYABLE
   CODE SIZE        =     42    ----
   CONSTANT SIZE    =   ----    ----
   XDATA SIZE       =   ----    ----
   PDATA SIZE       =   ----    ----
   DATA SIZE        =   ----    ----
   IDATA SIZE       =   ----    ----
   BIT SIZE         =   ----    ----
END OF MODULE INFORMATION.


C51 COMPILATION COMPLETE.  0 WARNING(S),  0 ERROR(S)
