C51 COMPILER V9.52.0.0   MAIN                                                              06/26/2023 09:45:31 PAGE 1   


C51 COMPILER V9.52.0.0, COMPILATION OF MODULE MAIN
OBJECT MODULE PLACED IN main.OBJ
COMPILER INVOKED BY: C:\Keil\C51\BIN\C51.EXE main.c BROWSE DEBUG OBJECTEXTEND TABS(2)

line level    source

   1          #include"..\Lib\Delay.h>
   2          #include"main.h"
   3          unsigned char code Code7Seg[] = {0xC0, 0xF9, 0xA4, 0xB0, 0x99, 0x92, 0x82, 0xF8, 0x80, 0x90};
   4          sbit LE1 = P2^0;
   5          sbit LE2 = P2^1;
   6          void main() {
   7   1        unsigned char i;
   8   1        LE1 = LE2 = 0;
   9   1        while(1) {
  10   2          for(i = 0;i<100;i++) {
  11   3            P0 = Code7Seg[i/10];
  12   3            LE1 = 1;
  13   3            LE1 = 0;
  14   3            
  15   3            P0 = Code7Seg[i%10];
  16   3            LE2 = 1;
  17   3            LE2 = 0;
  18   3            Delay_ms(1000);
  19   3          }
  20   2          
  21   2        }
  22   1      }


MODULE INFORMATION:   STATIC OVERLAYABLE
   CODE SIZE        =     56    ----
   CONSTANT SIZE    =     10    ----
   XDATA SIZE       =   ----    ----
   PDATA SIZE       =   ----    ----
   DATA SIZE        =   ----       1
   IDATA SIZE       =   ----    ----
   BIT SIZE         =   ----    ----
END OF MODULE INFORMATION.


C51 COMPILATION COMPLETE.  0 WARNING(S),  0 ERROR(S)
