C51 COMPILER V9.52.0.0   ADC0804                                                           07/25/2023 17:23:14 PAGE 1   


C51 COMPILER V9.52.0.0, COMPILATION OF MODULE ADC0804
OBJECT MODULE PLACED IN .\ADC0804.obj
COMPILER INVOKED BY: C:\Keil\C51\BIN\C51.EXE ..\Lib\ADC0804.c BROWSE DEBUG OBJECTEXTEND PRINT(.\ADC0804.lst) TABS(2) OBJ
                    -ECT(.\ADC0804.obj)

line level    source

   1          // Yeu cau: Khai bao ket noi voi ADC0804
   2          //#define ADC0804_DATA  P2
   3          //sbit ADC0804_CS = P3^0;
   4          //sbit ADC0804_RD = P3^1;
   5          //sbit ADC0804_WR = P3^2;
   6          //sbit ADC0804_INTR = P3^3;
   7          
   8          #include "main.h"
   9          #include "ADC0804.h"
  10          #include "Port.h"
  11          
  12          unsigned char ADC0804_Read()
  13          {
  14   1        unsigned char kq;
  15   1      
  16   1        // Chon chip
  17   1        ADC0804_CS = 0;
  18   1      
  19   1        // Tao xung bat dau chuyen doi
  20   1        ADC0804_WR = 0;
  21   1        ADC0804_WR = 1;
  22   1      
  23   1        // Doi cho den khi chuyen doi xong
  24   1        while(ADC0804_INTR);
  25   1      
  26   1        // Doc gia tri sau khi chuyen doi
  27   1        ADC0804_RD = 0;
  28   1        kq = ADC0804_DATA;
  29   1        ADC0804_RD = 1;
  30   1      
  31   1        return kq;
  32   1      }


MODULE INFORMATION:   STATIC OVERLAYABLE
   CODE SIZE        =     16    ----
   CONSTANT SIZE    =   ----    ----
   XDATA SIZE       =   ----    ----
   PDATA SIZE       =   ----    ----
   DATA SIZE        =   ----    ----
   IDATA SIZE       =   ----    ----
   BIT SIZE         =   ----    ----
END OF MODULE INFORMATION.


C51 COMPILATION COMPLETE.  0 WARNING(S),  0 ERROR(S)
