C51 COMPILER V9.52.0.0   MAIN                                                              07/26/2023 13:55:41 PAGE 1   


C51 COMPILER V9.52.0.0, COMPILATION OF MODULE MAIN
OBJECT MODULE PLACED IN main.OBJ
COMPILER INVOKED BY: C:\Keil\C51\BIN\C51.EXE main.c BROWSE DEBUG OBJECTEXTEND TABS(2)

line level    source

   1          #include "main.h"
   2          #include "..\Lib\Lcd4.h"
   3          #include "..\Lib\ADC0804.h"
   4          #include "..\Lib\Delay.h"
   5          
   6          void main()
   7          {
   8   1        unsigned char adc_value;
   9   1        unsigned char t;
  10   1      
  11   1        Lcd_Init();
  12   1        Lcd_Out(1,1,"NHIET DO: ");
  13   1        while(1)
  14   1        {
  15   2          adc_value = ADC0804_Read();
  16   2          t = adc_value * 1.961f + 0.5f;
  17   2          
  18   2          Lcd_Chr(1,11,t/100+0x30);
  19   2          Lcd_Chr_Cp(t%100/10+0x30);
  20   2          Lcd_Chr_Cp(t%10+0x30);
  21   2          Delay_ms(500);  
  22   2        }
  23   1      }


MODULE INFORMATION:   STATIC OVERLAYABLE
   CODE SIZE        =    109    ----
   CONSTANT SIZE    =     11    ----
   XDATA SIZE       =   ----    ----
   PDATA SIZE       =   ----    ----
   DATA SIZE        =   ----       2
   IDATA SIZE       =   ----    ----
   BIT SIZE         =   ----    ----
END OF MODULE INFORMATION.


C51 COMPILATION COMPLETE.  0 WARNING(S),  0 ERROR(S)
