C51 COMPILER V9.52.0.0   MAIN                                                              07/02/2023 17:27:39 PAGE 1   


C51 COMPILER V9.52.0.0, COMPILATION OF MODULE MAIN
OBJECT MODULE PLACED IN main.OBJ
COMPILER INVOKED BY: C:\Keil\C51\BIN\C51.EXE main.c BROWSE DEBUG OBJECTEXTEND TABS(2)

line level    source

   1          #include"main.h"
   2          #include"..\Lib\LCD4.h"
   3          //De su dung ICD khoi tao Lcd_Init()
   4          //Xuat ki tu Lcd_Chr(1,2,'A')
   5          //Xuat ki tu Lcd_Chr_Cp : Xuat sau con tro
   6          //Lcd_Out : Xuat chuoi
   7          //Lcd_Cmd : Xoa chuoi
   8          void main()
   9          {
  10   1        Lcd_Init();
  11   1      
  12   1        Lcd_Chr(1,2,'A');
  13   1      
  14   1        while(1)
  15   1        {
  16   2      
  17   2        }
  18   1      }


MODULE INFORMATION:   STATIC OVERLAYABLE
   CODE SIZE        =     14    ----
   CONSTANT SIZE    =   ----    ----
   XDATA SIZE       =   ----    ----
   PDATA SIZE       =   ----    ----
   DATA SIZE        =   ----    ----
   IDATA SIZE       =   ----    ----
   BIT SIZE         =   ----    ----
END OF MODULE INFORMATION.


C51 COMPILATION COMPLETE.  0 WARNING(S),  0 ERROR(S)
