C51 COMPILER V9.52.0.0   MAIN                                                              07/21/2023 16:39:03 PAGE 1   


C51 COMPILER V9.52.0.0, COMPILATION OF MODULE MAIN
OBJECT MODULE PLACED IN main.OBJ
COMPILER INVOKED BY: C:\Keil\C51\BIN\C51.EXE main.c BROWSE DEBUG OBJECTEXTEND TABS(2)

line level    source

   1          #include"main.h"
   2          #include"..\lib\Lcd4.h"
   3          
   4          void main()
   5          {
   6   1        unsigned int t, f;
   7   1      
   8   1        Lcd_Init();
   9   1        Lcd_Out(1,1,"T = "); //Xuat chuoi (text) hang 1 cot 1
  10   1        Lcd_Out(2,1,"f = "); //Xuat ki tu la Lcd_Chr
  11   1                             //Lcd_Out_Cp Xuat chuoi (text) tiep theo con tro
  12   1                               //Lcd_Chr_Cp Xuat ki tu tiep theo con tro
  13   1        TMOD &= 0xF0;
  14   1        TMOD |= 0x09;   // Gate = 1, M0 = 1; --> Mode 1 
  15   1      
  16   1        while(1)
  17   1        {
  18   2          TH0 = 0;
  19   2          TL0 = 0;
  20   2          
  21   2          while(INT0);  // Bo qua muc 1 dau tien
  22   2          while(!INT0);   // Bo qua muc 0
  23   2          TR0 = 1;
  24   2          while(INT0);
  25   2          TR0 = 0;
  26   2      
  27   2          t = TH0;
  28   2          t <<= 8;
  29   2          t |= TL0;
  30   2      
  31   2          t*=2;
  32   2      
  33   2          Lcd_Chr(1,5,t/10000+0x30);
  34   2          Lcd_Chr_Cp(t%10000/1000+0x30);
  35   2          Lcd_Chr_Cp(t%1000/100+0x30);
  36   2          Lcd_Chr_Cp(t%100/10+0x30);
  37   2          Lcd_Chr_Cp(t%10+0x30);
  38   2      
  39   2          f = 1000000/t;
  40   2          Lcd_Chr(2,5,f/10000+0x30);
  41   2          Lcd_Chr_Cp(f%10000/1000+0x30);
  42   2          Lcd_Chr_Cp(f%1000/100+0x30);
  43   2          Lcd_Chr_Cp(f%100/10+0x30);
  44   2          Lcd_Chr_Cp(f%10+0x30);  
  45   2        }
  46   1      }
  47          // --> Ung dung PWM


MODULE INFORMATION:   STATIC OVERLAYABLE
   CODE SIZE        =    372    ----
   CONSTANT SIZE    =     10    ----
   XDATA SIZE       =   ----    ----
   PDATA SIZE       =   ----    ----
   DATA SIZE        =   ----       4
C51 COMPILER V9.52.0.0   MAIN                                                              07/21/2023 16:39:03 PAGE 2   

   IDATA SIZE       =   ----    ----
   BIT SIZE         =   ----    ----
END OF MODULE INFORMATION.


C51 COMPILATION COMPLETE.  0 WARNING(S),  0 ERROR(S)
