C51 COMPILER V9.52.0.0   MAIN                                                              06/30/2023 15:26:14 PAGE 1   


C51 COMPILER V9.52.0.0, COMPILATION OF MODULE MAIN
OBJECT MODULE PLACED IN main.OBJ
COMPILER INVOKED BY: C:\Keil\C51\BIN\C51.EXE main.c BROWSE DEBUG OBJECTEXTEND TABS(2)

line level    source

   1          #include"main.h"
   2          #include"..\lib\Delay.h"
   3          
   4          // Khai bao ket noi voi LCD
   5          sbit LCD_RS = P2^0;
   6          sbit LCD_EN = P2^1;
   7          #define LCD_DATA P3
   8          
   9          void Lcd_Cmd(unsigned char cmd)
  10          {
  11   1        LCD_RS = 0;
  12   1        LCD_DATA = cmd;
  13   1        LCD_EN = 0;
  14   1        LCD_EN = 1;
  15   1      
  16   1        if(cmd<=0x02)
  17   1        {
  18   2          Delay_ms(2);
  19   2        }
  20   1        else
  21   1        {
  22   2          Delay_ms(1);
  23   2        }
  24   1      }
  25          
  26          void Lcd_Chr_Cp(char c)   // Current Position
  27          {
  28   1        LCD_RS = 1;
  29   1        LCD_DATA = c;
  30   1        LCD_EN = 0;
  31   1        LCD_EN = 1;
  32   1        Delay_ms(1);
  33   1      }
  34          
  35          // Xuat ra man hinh LCD 1 ky tu, ngay tai vi tri dong row, cot col
  36          void Lcd_Chr(unsigned char row, unsigned char col, char c)
  37          {
  38   1        unsigned char cmd;
  39   1      
  40   1        // Di chuyen co tro den vi tri can thiet
  41   1        cmd = (row==1?0x80:0xC0) + col - 1;
  42   1        Lcd_Cmd(cmd);
  43   1      
  44   1        // Xuat ky tu
  45   1        Lcd_Chr_Cp(c);
  46   1      } 
  47          
  48          void Lcd_Out_Cp(char *str)
  49          {
  50   1        unsigned char i = 0;
  51   1        while(str[i]!=0)
  52   1        {
  53   2          Lcd_Chr_Cp(str[i]);
  54   2          i++;
  55   2        }
C51 COMPILER V9.52.0.0   MAIN                                                              06/30/2023 15:26:14 PAGE 2   

  56   1      }
  57          
  58          void Lcd_Out(unsigned char row, unsigned char col, char *str)
  59          {
  60   1        unsigned char cmd;
  61   1      
  62   1        // Di chuyen co tro den vi tri can thiet
  63   1        cmd = (row==1?0x80:0xC0) + col - 1;
  64   1        Lcd_Cmd(cmd);
  65   1      
  66   1        Lcd_Out_Cp(str);
  67   1      }
  68          
  69          void Lcd_Init()
  70          {
  71   1        Lcd_Cmd(0x30);
  72   1        Delay_ms(5);
  73   1        Lcd_Cmd(0x30);
  74   1        Delay_ms(1);
  75   1        Lcd_Cmd(0x30);
  76   1      
  77   1        Lcd_Cmd(0x38);    // So dong hien thi la 2, font 5x8
  78   1      
  79   1        Lcd_Cmd(0x01);    // Xoa noi dung hien thi
  80   1        Lcd_Cmd(0x0C);      // Bat hien thi va tat con tro
  81   1      }
  82          
  83          void main()
  84          {
  85   1        unsigned int i;
  86   1        Lcd_Init(); 
  87   1        Lcd_Out(2,2,"Hello world");
  88   1        
  89   1        while(1)
  90   1        {
  91   2        Lcd_Cmd(0x18);
  92   2          Delay_ms(50);
  93   2        }
  94   1      }
*** WARNING C280 IN LINE 85 OF main.c: 'i': unreferenced local variable


MODULE INFORMATION:   STATIC OVERLAYABLE
   CODE SIZE        =    204    ----
   CONSTANT SIZE    =     12    ----
   XDATA SIZE       =   ----    ----
   PDATA SIZE       =   ----    ----
   DATA SIZE        =   ----      10
   IDATA SIZE       =   ----    ----
   BIT SIZE         =   ----    ----
END OF MODULE INFORMATION.


C51 COMPILATION COMPLETE.  1 WARNING(S),  0 ERROR(S)
