C51 COMPILER V9.52.0.0   MAIN                                                              07/21/2023 22:44:09 PAGE 1   


C51 COMPILER V9.52.0.0, COMPILATION OF MODULE MAIN
OBJECT MODULE PLACED IN main.OBJ
COMPILER INVOKED BY: C:\Keil\C51\BIN\C51.EXE main.c BROWSE DEBUG OBJECTEXTEND TABS(2)

line level    source

   1          #include"main.h"
   2          #include"..\Lib\Delay.h"
   3          
   4          unsigned char cnt = 10;
   5          
   6          void main()
   7          {
   8   1        unsigned char i;
   9   1        // Cau hinh cho timer0 hoat dong o muc 1
  10   1        TMOD &= 0xF0;
  11   1        TMOD |= 0x01;
  12   1      
  13   1        TH0 = 0x3C;
  14   1        TL0 = 0xB0; // 65536 - 50000 = 15536ms
  15   1      
  16   1        ET0 = 1;  // Cho phep ngat timer 0 
  17   1        EA = 1;   // Cho phep ngat toan cuc
  18   1        TR0 = 1;  // Cho phep timer0 hoat dong
  19   1      
  20   1        while(1)
  21   1        {
  22   2          P1 = 0x00;
  23   2          Delay_ms(100);
  24   2          for(i=0;i<8;i++)
  25   2          {
  26   3            P1 <<= 1;
  27   3            P1 |= 0x01;
  28   3            Delay_ms(100);
  29   3          }
  30   2        }
  31   1      }
  32          
  33          void Timer0Overflow(void) interrupt  1  //Ngat Timer/Couter 0
  34          {
  35   1        // Nap lai gia tri cho TH0 va TL0
  36   1        TH0 = 0x3C;
  37   1        TL0 = 0xB0;
  38   1      
  39   1        cnt--;
  40   1        if(cnt==0)
  41   1        {
  42   2          cnt = 10;
  43   2      
  44   2          // User code
  45   2          P2 = ~P2;
  46   2        }
  47   1      }


MODULE INFORMATION:   STATIC OVERLAYABLE
   CODE SIZE        =     73    ----
   CONSTANT SIZE    =   ----    ----
   XDATA SIZE       =   ----    ----
   PDATA SIZE       =   ----    ----
   DATA SIZE        =      1       1
C51 COMPILER V9.52.0.0   MAIN                                                              07/21/2023 22:44:09 PAGE 2   

   IDATA SIZE       =   ----    ----
   BIT SIZE         =   ----    ----
END OF MODULE INFORMATION.


C51 COMPILATION COMPLETE.  0 WARNING(S),  0 ERROR(S)
