C51 COMPILER V9.52.0.0   DELAY                                                             06/26/2023 08:58:11 PAGE 1   


C51 COMPILER V9.52.0.0, COMPILATION OF MODULE DELAY
OBJECT MODULE PLACED IN .\Delay.obj
COMPILER INVOKED BY: C:\Keil\C51\BIN\C51.EXE ..\Lib\Delay.c BROWSE DEBUG OBJECTEXTEND PRINT(.\Delay.lst) TABS(2) OBJECT(
                    -.\Delay.obj)

line level    source

   1          
   2          #include "Delay.h"
   3          #include "main.h"
*** ERROR C301 IN LINE 4 OF main.h: identifier expected
   4          #if (FREQ_OSC == 12000000ul)
   5              void Delay_ms(unsigned int t) {
   6   1              unsigned int x,y;
   7   1              for(x = 0;x<t;x++) {
   8   2                  for(y = 0;y<123;y++);
   9   2          }
  10   1      }
  11          #elif (FREQ_OSC == 11059200ul)
              void Delay_ms(unsigned int t) {
                      unsigned int x,y;
                      for(x = 0;x<t;x++) {
                          for(y = 0;y<113;y++);
                  }
              }
              #elif (FREQ_OSC == 8000000)
              void Delay_ms(unsigned int t) {
                      unsigned int x;
                unsigned char y;
                      for(x = 0;x<t;x++) {
                          for(y = 0;y<218;y++);
                  }
              }
              #elif (FREQ_OSC == 4000000)
              void Delay_ms(unsigned int t) {
                      unsigned int x;
                unsigned char y;
                      for(x = 0;x<t;x++) {
                          for(y = 0;y<106;y++);
                  }
              }
              #else 
                  #error "Khong co ham Delay_ms tuong ung"
              #endif

C51 COMPILATION COMPLETE.  0 WARNING(S),  1 ERROR(S)
