C51 COMPILER V9.52.0.0   IE74595                                                           06/26/2023 08:58:11 PAGE 1   


C51 COMPILER V9.52.0.0, COMPILATION OF MODULE IE74595
OBJECT MODULE PLACED IN .\IE74595.obj
COMPILER INVOKED BY: C:\Keil\C51\BIN\C51.EXE ..\Lib\IE74595.c BROWSE DEBUG OBJECTEXTEND PRINT(.\IE74595.lst) TABS(2) OBJ
                    -ECT(.\IE74595.obj)

line level    source

   1          #include"IE74595.h"
   2          #include"main.h"
*** ERROR C301 IN LINE 4 OF main.h: identifier expected
   3          #include"port.h"
*** ERROR C202 IN LINE 4 OF port.h: 'P2': undefined identifier
*** ERROR C202 IN LINE 5 OF port.h: 'P2': undefined identifier
*** ERROR C202 IN LINE 6 OF port.h: 'P2': undefined identifier
   4          // Yeu cau: Tao file port.h chua cac ket noi phan cung nhu sau:
   5          //sbit SHCP = P2^0;
   6          //sbit DS = P2^1;
   7          //sbit STCP = P2^2;
   8          void Out(unsigned char *p,unsigned char n) {
   9   1        unsigned char i,j,b;
  10   1        for(j=0;j<n;j++) {
  11   2          b = *(p+n-j-1);
  12   2        for(i = 0;i<8;i++) {
  13   3          DS = b & (0x80>>i);
*** ERROR C202 IN LINE 13 OF ..\Lib\IE74595.c: 'DS': undefined identifier
  14   3          SHCP = 0;
*** ERROR C202 IN LINE 14 OF ..\Lib\IE74595.c: 'SHCP': undefined identifier
  15   3          SHCP = 1;
*** ERROR C202 IN LINE 15 OF ..\Lib\IE74595.c: 'SHCP': undefined identifier
  16   3        }
  17   2        }
  18   1        STCP = 0;
*** ERROR C202 IN LINE 18 OF ..\Lib\IE74595.c: 'STCP': undefined identifier
  19   1        STCP = 1;
*** ERROR C202 IN LINE 19 OF ..\Lib\IE74595.c: 'STCP': undefined identifier
  20   1      }

C51 COMPILATION COMPLETE.  0 WARNING(S),  9 ERROR(S)
