C51 COMPILER V9.52.0.0   MAIN                                                              06/21/2023 02:31:14 PAGE 1   


C51 COMPILER V9.52.0.0, COMPILATION OF MODULE MAIN
OBJECT MODULE PLACED IN main.OBJ
COMPILER INVOKED BY: C:\Keil\C51\BIN\C51.EXE main.c BROWSE DEBUG OBJECTEXTEND TABS(2)

line level    source

   1          #include<main.h>
   2          #include "..\Lib\Delay.h"
   3          
   4          sbit m = P1^0;
   5          sbit n = P1^1;
   6          
   7          bit t = 0;
   8          int Kiemtra() {
   9   1        unsigned int i;
  10   1        for(i = 0;i<50;i++) {
  11   2          Delay_ms(10);
  12   2          if(m==0) {
  13   3            if(t ==0) {
  14   4              t = 1;
  15   4            return 1;
  16   4          }
  17   3        }
  18   2        else {
  19   3          t = 0;
  20   3        }
  21   2        }
  22   1          return 0;
  23   1        }
  24          
  25          
  26          
  27          void main() {
  28   1        unsigned int i;
  29   1        
  30   1        while(1) {
  31   2          P2 = 0x00;
  32   2          for(i = 0;i<20;i++) {
  33   3            if(Kiemtra()) break;
  34   3              P2 = ~P2;
  35   3            
  36   3        }
  37   2        P2 = 0x55;
  38   2        for(i = 0;i<20;i++) {
  39   3            if(Kiemtra()) break;
  40   3              P2 = ~P2;
  41   3            
  42   3        }
  43   2      }
  44   1      }


MODULE INFORMATION:   STATIC OVERLAYABLE
   CODE SIZE        =    121    ----
   CONSTANT SIZE    =   ----    ----
   XDATA SIZE       =   ----    ----
   PDATA SIZE       =   ----    ----
   DATA SIZE        =   ----       4
   IDATA SIZE       =   ----    ----
   BIT SIZE         =      1    ----
END OF MODULE INFORMATION.

C51 COMPILER V9.52.0.0   MAIN                                                              06/21/2023 02:31:14 PAGE 2   


C51 COMPILATION COMPLETE.  0 WARNING(S),  0 ERROR(S)
