C51 COMPILER V9.52.0.0   MAIN                                                              06/21/2023 04:43:07 PAGE 1   


C51 COMPILER V9.52.0.0, COMPILATION OF MODULE MAIN
OBJECT MODULE PLACED IN main.OBJ
COMPILER INVOKED BY: C:\Keil\C51\BIN\C51.EXE main.c BROWSE DEBUG OBJECTEXTEND TABS(2)

line level    source

   1          #include<main.h>
   2          #include"..\Lib\Delay.h"
   3          
   4          sbit m = P1^0;
   5          sbit n = P2^0;
   6          
   7          void main() {
   8   1        n = 0;
   9   1        while(1) {
  10   2          if(m==0) {
  11   3            Delay_ms(200);
  12   3            if(m==0) {
  13   4              n = !n;
  14   4              while(m == 0 );
  15   4            }
  16   3          }
  17   2        }
  18   1      }


MODULE INFORMATION:   STATIC OVERLAYABLE
   CODE SIZE        =     22    ----
   CONSTANT SIZE    =   ----    ----
   XDATA SIZE       =   ----    ----
   PDATA SIZE       =   ----    ----
   DATA SIZE        =   ----    ----
   IDATA SIZE       =   ----    ----
   BIT SIZE         =   ----    ----
END OF MODULE INFORMATION.


C51 COMPILATION COMPLETE.  0 WARNING(S),  0 ERROR(S)
