C51 COMPILER V9.01   MAIN                                                                  11/04/2014 04:18:27 PAGE 1   


C51 COMPILER V9.01, COMPILATION OF MODULE MAIN
OBJECT MODULE PLACED IN main.OBJ
COMPILER INVOKED BY: C:\Keil\C51\BIN\C51.EXE main.c OMF2 BROWSE DEBUG

line level    source

   1          #include<main.h>
   2          #include<..\lib\UartMode1.h"
   3          
   4          void main()
   5          {
   6   1              P1_0 = 0;               // Tat LED
   7   1      
   8   1              Uart_Init();
   9   1      
  10   1              while(1)
  11   1              {
  12   2                      if(Uart_Data_Ready())
  13   2                      {
  14   3                              if(Uart_Read()==0x01)
  15   3                              {
  16   4                                      P1_0 = 1;       // Bat LED
  17   4                              }
  18   3                              else
  19   3                              {
  20   4                                      P1_0 = 0;       // Tat LED
  21   4                              }
  22   3                      }
  23   2              }
  24   1      }


MODULE INFORMATION:   STATIC OVERLAYABLE
   CODE SIZE        =     25    ----
   CONSTANT SIZE    =   ----    ----
   XDATA SIZE       =   ----    ----
   PDATA SIZE       =   ----    ----
   DATA SIZE        =   ----    ----
   IDATA SIZE       =   ----    ----
   BIT SIZE         =   ----    ----
   EDATA SIZE       =   ----    ----
   HDATA SIZE       =   ----    ----
   XDATA CONST SIZE =   ----    ----
   FAR CONST SIZE   =   ----    ----
END OF MODULE INFORMATION.


C51 COMPILATION COMPLETE.  0 WARNING(S),  0 ERROR(S)
