C51 COMPILER V9.52.0.0   MAIN                                                              07/20/2023 17:38:26 PAGE 1   


C51 COMPILER V9.52.0.0, COMPILATION OF MODULE MAIN
OBJECT MODULE PLACED IN main.OBJ
COMPILER INVOKED BY: C:\Keil\C51\BIN\C51.EXE main.c BROWSE DEBUG OBJECTEXTEND TABS(2)

line level    source

   1          #include<main.h>
   2          #include<..\Lib\Delay.h>
   3          
   4          unsigned char code Code7Seg[] = {0xC0, 0xF9, 0xA4, 0xB0, 0x99, 0x92, 0x82, 0xF8, 0x80, 0x90};
   5          
   6          void Display(unsigned int n)
   7          {
   8   1        unsigned char chuc_ngan, ngan, tram, chuc, dvi;
   9   1        chuc_ngan = n/10000;
  10   1        n %= 10000;
  11   1        ngan = n/1000;
  12   1        n %= 1000;
  13   1        tram = n/100;
  14   1        n %= 100;
  15   1        chuc = n/10;
  16   1          dvi = n%10;
  17   1      
  18   1        P0 = Code7Seg[chuc_ngan];
  19   1        P2_0 = 0;
  20   1        Delay_ms(1);
  21   1        P2_0 = 1;
  22   1      
  23   1        P0 = Code7Seg[ngan];
  24   1        P2_1 = 0;
  25   1        Delay_ms(1);
  26   1        P2_1 = 1;
  27   1      
  28   1        P0 = Code7Seg[tram];
  29   1        P2_2 = 0;
  30   1        Delay_ms(1);
  31   1        P2_2 = 1;
  32   1      
  33   1        P0 = Code7Seg[chuc];
  34   1        P2_3 = 0;
  35   1        Delay_ms(1);
  36   1        P2_3 = 1;
  37   1      
  38   1        P0 = Code7Seg[dvi];
  39   1        P2_4 = 0;
  40   1        Delay_ms(1);
  41   1        P2_4 = 1;
  42   1      }
  43          
  44          void main() {
  45   1         unsigned char low, high;
  46   1        unsigned int n;
  47   1      
  48   1        TMOD &= 0xF0;
  49   1        TMOD |= 0x05;
  50   1        TR0 = 1;
  51   1      
  52   1          while(1)
  53   1        {
  54   2          
  55   2            high = TH0;
C51 COMPILER V9.52.0.0   MAIN                                                              07/20/2023 17:38:26 PAGE 2   

  56   2            low = TL0;
  57   2      
  58   2          n = high;
  59   2          n <<= 8;
  60   2          n |= low;
  61   2      
  62   2          Display(n); 
  63   2        }
  64   1      }


MODULE INFORMATION:   STATIC OVERLAYABLE
   CODE SIZE        =    246    ----
   CONSTANT SIZE    =     10    ----
   XDATA SIZE       =   ----    ----
   PDATA SIZE       =   ----    ----
   DATA SIZE        =   ----       9
   IDATA SIZE       =   ----    ----
   BIT SIZE         =   ----    ----
END OF MODULE INFORMATION.


C51 COMPILATION COMPLETE.  0 WARNING(S),  0 ERROR(S)
