C51 COMPILER V9.52.0.0   MAIN                                                              07/07/2023 16:02:10 PAGE 1   


C51 COMPILER V9.52.0.0, COMPILATION OF MODULE MAIN
OBJECT MODULE PLACED IN main.OBJ
COMPILER INVOKED BY: C:\Keil\C51\BIN\C51.EXE main.c BROWSE DEBUG OBJECTEXTEND TABS(2)

line level    source

   1          #include<main.h>
   2          #include<..\Lib\Delay.h>
   3          void Uart_Init() {
   4   1        //Khoi tao UART Mode1, 9600baud
   5   1        SM0 = 0; SM1 = 1; //UART Mode 1
   6   1        TMOD = 0x02; //Timer1 hoat dong o che do 8bit tu nap lai
   7   1        TH1 = 0xFD;  //Toc do baud 9600
   8   1        TR1 = 1;     //Timer1 bat dau chay
   9   1        TI= 1;    //San sang gui du lieu
  10   1        REN = 1;  //Cho phep nhan du lieu
  11   1      }
  12          
  13          void UART_Write(char c) {
  14   1        
  15   1        while(TI == 0);
  16   1         TI = 0;
  17   1         SBUF = c;
  18   1      }
  19          
  20          char Uart_Read() {
  21   1        RI = 0;  //Co bao ngat nhan
  22   1        return SBUF;
  23   1        
  24   1      }
  25          void main() {
  26   1        char i;
  27   1        Uart_Init();
  28   1        
  29   1        while(1) {
  30   2          if(RI == 1) {
  31   3            P2 = Uart_Read();
  32   3          }
  33   2        }
  34   1        
  35   1      }
*** WARNING C280 IN LINE 26 OF main.c: 'i': unreferenced local variable


MODULE INFORMATION:   STATIC OVERLAYABLE
   CODE SIZE        =     43    ----
   CONSTANT SIZE    =   ----    ----
   XDATA SIZE       =   ----    ----
   PDATA SIZE       =   ----    ----
   DATA SIZE        =   ----       1
   IDATA SIZE       =   ----    ----
   BIT SIZE         =   ----    ----
END OF MODULE INFORMATION.


C51 COMPILATION COMPLETE.  1 WARNING(S),  0 ERROR(S)
