C51 COMPILER V9.52.0.0   MAIN                                                              07/07/2023 11:20:13 PAGE 1   


C51 COMPILER V9.52.0.0, COMPILATION OF MODULE MAIN
OBJECT MODULE PLACED IN main.OBJ
COMPILER INVOKED BY: C:\Keil\C51\BIN\C51.EXE main.c OMF2 BROWSE DEBUG TABS(2)

line level    source

   1          #include<main.h>
   2          #include<..\Lib\Delay.h>
   3          
   4          void main() {
   5   1       unsigned char b;
   6   1       SM0 = SM1 = 0; // UART Mode 0
   7   1       REN = 1; //Cho phep nhan du lieu
   8   1       P1_0 = 0;
   9   1        while(1) {
  10   2          P3_2 = 0;
  11   2          P3_2 = 1; //Tao xung chot ngo vao 74265
  12   2          RI = 0;//Chuyen het du lieu tu dong nhay len muc 1
  13   2          while(RI ==0);
  14   2          b = SBUF;
  15   2          RI = 0;
  16   2          if((b&0x2) == 0) {P1_0 = 1;}
  17   2          if((b&0x1) == 0) {P1_0 = 0;}
  18   2        }
  19   1      }


MODULE INFORMATION:   STATIC OVERLAYABLE
   CODE SIZE        =     35    ----
   CONSTANT SIZE    =   ----    ----
   XDATA SIZE       =   ----    ----
   PDATA SIZE       =   ----    ----
   DATA SIZE        =   ----    ----
   IDATA SIZE       =   ----    ----
   BIT SIZE         =   ----    ----
   EDATA SIZE       =   ----    ----
   HDATA SIZE       =   ----    ----
   XDATA CONST SIZE =   ----    ----
   FAR CONST SIZE   =   ----    ----
END OF MODULE INFORMATION.


C51 COMPILATION COMPLETE.  0 WARNING(S),  0 ERROR(S)
