C51 COMPILER V9.52.0.0   IE74595                                                           06/26/2023 08:21:41 PAGE 1   


C51 COMPILER V9.52.0.0, COMPILATION OF MODULE IE74595
OBJECT MODULE PLACED IN .\IE74595.obj
COMPILER INVOKED BY: C:\Keil\C51\BIN\C51.EXE ..\Lib\IE74595.c BROWSE DEBUG OBJECTEXTEND PRINT(.\IE74595.lst) TABS(2) OBJ
                    -ECT(.\IE74595.obj)

line level    source

   1          #include"IE74595.h"
   2          #include"main.h"
   3          #include"port.h"
   4          void Out(unsigned char *p,unsigned char n) {
   5   1        unsigned char i,j,b;
   6   1        for(j=0;j<n;j++) {
   7   2          b = *(p+n-j-1);
   8   2        for(i = 0;i<8;i++) {
   9   3          DS = b & (0x80>>i);
  10   3          SHCP = 0;
  11   3          SHCP = 1;
  12   3        }
  13   2        }
  14   1        STCP = 0;
  15   1        STCP = 1;
  16   1      }


MODULE INFORMATION:   STATIC OVERLAYABLE
   CODE SIZE        =     94    ----
   CONSTANT SIZE    =   ----    ----
   XDATA SIZE       =   ----    ----
   PDATA SIZE       =   ----    ----
   DATA SIZE        =   ----       5
   IDATA SIZE       =   ----    ----
   BIT SIZE         =   ----    ----
END OF MODULE INFORMATION.


C51 COMPILATION COMPLETE.  0 WARNING(S),  0 ERROR(S)
