C51 COMPILER V9.52.0.0   MAIN                                                              06/26/2023 08:21:41 PAGE 1   


C51 COMPILER V9.52.0.0, COMPILATION OF MODULE MAIN
OBJECT MODULE PLACED IN main.OBJ
COMPILER INVOKED BY: C:\Keil\C51\BIN\C51.EXE main.c BROWSE DEBUG OBJECTEXTEND TABS(2)

line level    source

   1          #include<main.h>
   2          #include<..\Lib\Delay.h>
   3          #include<..\Lib\IE74595.h>
   4          sbit SHCP = P2^0;
   5          sbit DS = P2^1;
   6          sbit STCP = P2^2;
   7          
   8          void main() {
   9   1        
  10   1        unsigned char i,b[2];
  11   1        while(1) {
  12   2          for(i=0;i<2;i++) {
  13   3            b[i] = 0;
  14   3          }
  15   2          Out(b,2);
  16   2          Delay_ms(300);
  17   2          for(i=0;i<2;i++) {
  18   3            b[i] = 0xFF;
  19   3          }
  20   2          Out(b,2);
  21   2          Delay_ms(300);
  22   2        }
  23   1      }


MODULE INFORMATION:   STATIC OVERLAYABLE
   CODE SIZE        =     59    ----
   CONSTANT SIZE    =   ----    ----
   XDATA SIZE       =   ----    ----
   PDATA SIZE       =   ----    ----
   DATA SIZE        =   ----       2
   IDATA SIZE       =   ----    ----
   BIT SIZE         =   ----    ----
END OF MODULE INFORMATION.


C51 COMPILATION COMPLETE.  0 WARNING(S),  0 ERROR(S)
