C51 COMPILER V9.52.0.0   MAIN                                                              07/25/2023 00:00:12 PAGE 1   


C51 COMPILER V9.52.0.0, COMPILATION OF MODULE MAIN
OBJECT MODULE PLACED IN main.OBJ
COMPILER INVOKED BY: C:\Keil\C51\BIN\C51.EXE main.c BROWSE DEBUG OBJECTEXTEND TABS(2)

line level    source

   1          #include<regx52.h>
   2          #include<..\Lib\Delay.h>
   3          sbit PWM_PIN = P2^0;
   4          
   5          unsigned int T, Ton, Toff;
   6          unsigned char Ton_h_reload, Ton_l_reload, Toff_h_reload, Toff_l_reload;
   7          // ck (us)
   8          void PWM_Init(unsigned int ck)
   9          {
  10   1        PWM_PIN = 1;
  11   1        
  12   1        TMOD &= 0xF0;   // Xoa di cac bit chon mode cua Timer0
  13   1        TMOD |= 0x01;   // Timer0 hoat dong o mode 1
  14   1        
  15   1        ET0 = 1;      // Cho phep ngat Timer0
  16   1        EA = 1;       // Cho phep ngat toan cuc
  17   1        
  18   1        T  = ck;
  19   1        Ton = T/2;      // Duty Cycle = 50%
  20   1        Toff = T - Ton;
  21   1        
  22   1        Ton_h_reload = (65536-Ton)>>8;
  23   1        Ton_l_reload = (65536-Ton)&0x00FF;
  24   1        
  25   1        Toff_h_reload = (65536-Toff)>>8;
  26   1        Toff_l_reload = (65536-Toff)&0x00FF;
  27   1        TH0 = Ton_h_reload;
  28   1        TL0 = Ton_l_reload; 
  29   1      }
  30          
  31          void PWM_Start()
  32          {
  33   1        TR0 = 1;      // Timer0 bat dau dem
  34   1      }
  35          
  36          void PWM_Stop()
  37          {
  38   1        TR0 = 0;      // Timer0 ngung dem
  39   1      }
  40          // duty: 0 den 100
  41          void PWM_Set_Duty(unsigned char duty)
  42          {
  43   1        if(duty == 0)
  44   1        {
  45   2          PWM_PIN = 0;
  46   2          ET0 = 0;
  47   2        }
  48   1        else if(duty == 100)
  49   1        {
  50   2          PWM_PIN = 1;
  51   2          ET0 = 0;
  52   2        }
  53   1        else
  54   1        {
  55   2          Ton = ((unsigned long)T)*duty/100;
C51 COMPILER V9.52.0.0   MAIN                                                              07/25/2023 00:00:12 PAGE 2   

  56   2          Toff = T - Ton;
  57   2            Ton_h_reload = (65536-Ton)>>8;
  58   2          Ton_l_reload = (65536-Ton)&0x00FF;
  59   2        
  60   2          Toff_h_reload = (65536-Toff)>>8;
  61   2          Toff_l_reload = (65536-Toff)&0x00FF;
  62   2      
  63   2          ET0 = 1;
  64   2        }
  65   1      }
  66          void main()
  67          {
  68   1        unsigned int n = 0,duty = 0;
  69   1        
  70   1        PWM_Init(1000);   // T = 1000us = 1ms
  71   1         
  72   1        PWM_Set_Duty(0);
  73   1        PWM_Start();
  74   1        while(1)
  75   1        {
  76   2          Delay_ms(100);
  77   2           if(n == 0) {
  78   3             duty += 2;
  79   3             if(duty == 100) duty = 0;
  80   3           }
  81   2           if(n == 1) {
  82   3             duty -= 2;
  83   3             if(duty == 0) duty = 100;
  84   3           }
  85   2           PWM_Set_Duty(duty);
  86   2        }
  87   1      }
  88          
  89          //void Timer0Overflow() interrupt  1
  90          //{
  91            
  92          //  PWM_PIN = !PWM_PIN;
  93          //  if(PWM_PIN==0)
  94          //  {
  95          //    TH0 = Toff_h_reload;
  96          //    TL0 = Toff_l_reload;
  97          //  }
  98          //  else
  99          //  {
 100          //    TH0 = Ton_h_reload;
 101          //    TL0 = Ton_l_reload;
 102          //  }
 103          //}
 104          
 105          
 106          


MODULE INFORMATION:   STATIC OVERLAYABLE
   CODE SIZE        =    347    ----
   CONSTANT SIZE    =   ----    ----
   XDATA SIZE       =   ----    ----
   PDATA SIZE       =   ----    ----
   DATA SIZE        =     10       4
   IDATA SIZE       =   ----    ----
   BIT SIZE         =   ----    ----
END OF MODULE INFORMATION.

C51 COMPILER V9.52.0.0   MAIN                                                              07/25/2023 00:00:12 PAGE 3   


C51 COMPILATION COMPLETE.  0 WARNING(S),  0 ERROR(S)
